<?xml version="1.0" encoding="UTF-8"?>
<!-- Generated by org.testng.reporters.JUnitReportReporter -->
<testsuite skipped="0" hostname="Louis-DESKTOP-H44M91B" name="pomTestCases.NaukriTest" tests="1" failures="0" timestamp="2020-07-06T11:27:38 IST" time="17.749" errors="0">
  <testcase name="Login" time="17.749" classname="pomTestCases.NaukriTest"/>
  <system-out/>
</testsuite> <!-- pomTestCases.NaukriTest -->
